<?xml version="1.0" encoding="UTF-8"?>
<testsuite xmlns:xsi="http://www.w3.org/2001/XMLSchema-instance" xsi:noNamespaceSchemaLocation="https://maven.apache.org/surefire/maven-surefire-plugin/xsd/surefire-test-report-3.0.xsd" version="3.0" name="com.example.accessing_data_mysql.AccessingDataMysqlApplicationTests" time="10.894" tests="1" errors="0" skipped="0" failures="0">
  <properties>
    <property name="java.specification.version" value="22"/>
    <property name="sun.jnu.encoding" value="UTF-8"/>
    <property name="java.class.path" value="/Users/zhr/Desktop/accessing-data-mysql/target/test-classes:/Users/zhr/Desktop/accessing-data-mysql/target/classes:/Users/zhr/.m2/repository/org/springframework/boot/spring-boot-starter-data-jpa/3.3.1/spring-boot-starter-data-jpa-3.3.1.jar:/Users/zhr/.m2/repository/org/springframework/boot/spring-boot-starter-aop/3.3.1/spring-boot-starter-aop-3.3.1.jar:/Users/zhr/.m2/repository/org/springframework/spring-aop/6.1.10/spring-aop-6.1.10.jar:/Users/zhr/.m2/repository/org/aspectj/aspectjweaver/1.9.22/aspectjweaver-1.9.22.jar:/Users/zhr/.m2/repository/org/springframework/boot/spring-boot-starter-jdbc/3.3.1/spring-boot-starter-jdbc-3.3.1.jar:/Users/zhr/.m2/repository/com/zaxxer/HikariCP/5.1.0/HikariCP-5.1.0.jar:/Users/zhr/.m2/repository/org/springframework/spring-jdbc/6.1.10/spring-jdbc-6.1.10.jar:/Users/zhr/.m2/repository/org/hibernate/orm/hibernate-core/6.5.2.Final/hibernate-core-6.5.2.Final.jar:/Users/zhr/.m2/repository/jakarta/persistence/jakarta.persistence-api/3.1.0/jakarta.persistence-api-3.1.0.jar:/Users/zhr/.m2/repository/jakarta/transaction/jakarta.transaction-api/2.0.1/jakarta.transaction-api-2.0.1.jar:/Users/zhr/.m2/repository/org/jboss/logging/jboss-logging/3.5.3.Final/jboss-logging-3.5.3.Final.jar:/Users/zhr/.m2/repository/org/hibernate/common/hibernate-commons-annotations/6.0.6.Final/hibernate-commons-annotations-6.0.6.Final.jar:/Users/zhr/.m2/repository/io/smallrye/jandex/3.1.2/jandex-3.1.2.jar:/Users/zhr/.m2/repository/com/fasterxml/classmate/1.7.0/classmate-1.7.0.jar:/Users/zhr/.m2/repository/net/bytebuddy/byte-buddy/1.14.17/byte-buddy-1.14.17.jar:/Users/zhr/.m2/repository/org/glassfish/jaxb/jaxb-runtime/4.0.5/jaxb-runtime-4.0.5.jar:/Users/zhr/.m2/repository/org/glassfish/jaxb/jaxb-core/4.0.5/jaxb-core-4.0.5.jar:/Users/zhr/.m2/repository/org/eclipse/angus/angus-activation/2.0.2/angus-activation-2.0.2.jar:/Users/zhr/.m2/repository/org/glassfish/jaxb/txw2/4.0.5/txw2-4.0.5.jar:/Users/zhr/.m2/repository/com/sun/istack/istack-commons-runtime/4.1.2/istack-commons-runtime-4.1.2.jar:/Users/zhr/.m2/repository/jakarta/inject/jakarta.inject-api/2.0.1/jakarta.inject-api-2.0.1.jar:/Users/zhr/.m2/repository/org/antlr/antlr4-runtime/4.13.0/antlr4-runtime-4.13.0.jar:/Users/zhr/.m2/repository/org/springframework/data/spring-data-jpa/3.3.1/spring-data-jpa-3.3.1.jar:/Users/zhr/.m2/repository/org/springframework/data/spring-data-commons/3.3.1/spring-data-commons-3.3.1.jar:/Users/zhr/.m2/repository/org/springframework/spring-orm/6.1.10/spring-orm-6.1.10.jar:/Users/zhr/.m2/repository/org/springframework/spring-context/6.1.10/spring-context-6.1.10.jar:/Users/zhr/.m2/repository/org/springframework/spring-tx/6.1.10/spring-tx-6.1.10.jar:/Users/zhr/.m2/repository/org/springframework/spring-beans/6.1.10/spring-beans-6.1.10.jar:/Users/zhr/.m2/repository/jakarta/annotation/jakarta.annotation-api/2.1.1/jakarta.annotation-api-2.1.1.jar:/Users/zhr/.m2/repository/org/slf4j/slf4j-api/2.0.13/slf4j-api-2.0.13.jar:/Users/zhr/.m2/repository/org/springframework/spring-aspects/6.1.10/spring-aspects-6.1.10.jar:/Users/zhr/.m2/repository/org/springframework/boot/spring-boot-starter-web/3.3.1/spring-boot-starter-web-3.3.1.jar:/Users/zhr/.m2/repository/org/springframework/boot/spring-boot-starter/3.3.1/spring-boot-starter-3.3.1.jar:/Users/zhr/.m2/repository/org/springframework/boot/spring-boot-starter-logging/3.3.1/spring-boot-starter-logging-3.3.1.jar:/Users/zhr/.m2/repository/ch/qos/logback/logback-classic/1.5.6/logback-classic-1.5.6.jar:/Users/zhr/.m2/repository/ch/qos/logback/logback-core/1.5.6/logback-core-1.5.6.jar:/Users/zhr/.m2/repository/org/apache/logging/log4j/log4j-to-slf4j/2.23.1/log4j-to-slf4j-2.23.1.jar:/Users/zhr/.m2/repository/org/apache/logging/log4j/log4j-api/2.23.1/log4j-api-2.23.1.jar:/Users/zhr/.m2/repository/org/slf4j/jul-to-slf4j/2.0.13/jul-to-slf4j-2.0.13.jar:/Users/zhr/.m2/repository/org/yaml/snakeyaml/2.2/snakeyaml-2.2.jar:/Users/zhr/.m2/repository/org/springframework/boot/spring-boot-starter-json/3.3.1/spring-boot-starter-json-3.3.1.jar:/Users/zhr/.m2/repository/com/fasterxml/jackson/datatype/jackson-datatype-jdk8/2.17.1/jackson-datatype-jdk8-2.17.1.jar:/Users/zhr/.m2/repository/com/fasterxml/jackson/datatype/jackson-datatype-jsr310/2.17.1/jackson-datatype-jsr310-2.17.1.jar:/Users/zhr/.m2/repository/org/springframework/boot/spring-boot-starter-tomcat/3.3.1/spring-boot-starter-tomcat-3.3.1.jar:/Users/zhr/.m2/repository/org/apache/tomcat/embed/tomcat-embed-core/10.1.25/tomcat-embed-core-10.1.25.jar:/Users/zhr/.m2/repository/org/apache/tomcat/embed/tomcat-embed-el/10.1.25/tomcat-embed-el-10.1.25.jar:/Users/zhr/.m2/repository/org/apache/tomcat/embed/tomcat-embed-websocket/10.1.25/tomcat-embed-websocket-10.1.25.jar:/Users/zhr/.m2/repository/org/springframework/spring-web/6.1.10/spring-web-6.1.10.jar:/Users/zhr/.m2/repository/io/micrometer/micrometer-observation/1.13.1/micrometer-observation-1.13.1.jar:/Users/zhr/.m2/repository/io/micrometer/micrometer-commons/1.13.1/micrometer-commons-1.13.1.jar:/Users/zhr/.m2/repository/org/springframework/spring-webmvc/6.1.10/spring-webmvc-6.1.10.jar:/Users/zhr/.m2/repository/org/springframework/spring-expression/6.1.10/spring-expression-6.1.10.jar:/Users/zhr/.m2/repository/org/springframework/boot/spring-boot-docker-compose/3.3.1/spring-boot-docker-compose-3.3.1.jar:/Users/zhr/.m2/repository/org/springframework/boot/spring-boot/3.3.1/spring-boot-3.3.1.jar:/Users/zhr/.m2/repository/com/fasterxml/jackson/core/jackson-databind/2.17.1/jackson-databind-2.17.1.jar:/Users/zhr/.m2/repository/com/fasterxml/jackson/core/jackson-annotations/2.17.1/jackson-annotations-2.17.1.jar:/Users/zhr/.m2/repository/com/fasterxml/jackson/core/jackson-core/2.17.1/jackson-core-2.17.1.jar:/Users/zhr/.m2/repository/com/fasterxml/jackson/module/jackson-module-parameter-names/2.17.1/jackson-module-parameter-names-2.17.1.jar:/Users/zhr/.m2/repository/com/mysql/mysql-connector-j/8.3.0/mysql-connector-j-8.3.0.jar:/Users/zhr/.m2/repository/org/springframework/boot/spring-boot-starter-test/3.3.1/spring-boot-starter-test-3.3.1.jar:/Users/zhr/.m2/repository/org/springframework/boot/spring-boot-test/3.3.1/spring-boot-test-3.3.1.jar:/Users/zhr/.m2/repository/org/springframework/boot/spring-boot-test-autoconfigure/3.3.1/spring-boot-test-autoconfigure-3.3.1.jar:/Users/zhr/.m2/repository/com/jayway/jsonpath/json-path/2.9.0/json-path-2.9.0.jar:/Users/zhr/.m2/repository/jakarta/xml/bind/jakarta.xml.bind-api/4.0.2/jakarta.xml.bind-api-4.0.2.jar:/Users/zhr/.m2/repository/jakarta/activation/jakarta.activation-api/2.1.3/jakarta.activation-api-2.1.3.jar:/Users/zhr/.m2/repository/net/minidev/json-smart/2.5.1/json-smart-2.5.1.jar:/Users/zhr/.m2/repository/net/minidev/accessors-smart/2.5.1/accessors-smart-2.5.1.jar:/Users/zhr/.m2/repository/org/ow2/asm/asm/9.6/asm-9.6.jar:/Users/zhr/.m2/repository/org/assertj/assertj-core/3.25.3/assertj-core-3.25.3.jar:/Users/zhr/.m2/repository/org/awaitility/awaitility/4.2.1/awaitility-4.2.1.jar:/Users/zhr/.m2/repository/org/hamcrest/hamcrest/2.2/hamcrest-2.2.jar:/Users/zhr/.m2/repository/org/junit/jupiter/junit-jupiter/5.10.2/junit-jupiter-5.10.2.jar:/Users/zhr/.m2/repository/org/junit/jupiter/junit-jupiter-api/5.10.2/junit-jupiter-api-5.10.2.jar:/Users/zhr/.m2/repository/org/opentest4j/opentest4j/1.3.0/opentest4j-1.3.0.jar:/Users/zhr/.m2/repository/org/junit/platform/junit-platform-commons/1.10.2/junit-platform-commons-1.10.2.jar:/Users/zhr/.m2/repository/org/apiguardian/apiguardian-api/1.1.2/apiguardian-api-1.1.2.jar:/Users/zhr/.m2/repository/org/junit/jupiter/junit-jupiter-params/5.10.2/junit-jupiter-params-5.10.2.jar:/Users/zhr/.m2/repository/org/junit/jupiter/junit-jupiter-engine/5.10.2/junit-jupiter-engine-5.10.2.jar:/Users/zhr/.m2/repository/org/junit/platform/junit-platform-engine/1.10.2/junit-platform-engine-1.10.2.jar:/Users/zhr/.m2/repository/org/mockito/mockito-core/5.11.0/mockito-core-5.11.0.jar:/Users/zhr/.m2/repository/net/bytebuddy/byte-buddy-agent/1.14.17/byte-buddy-agent-1.14.17.jar:/Users/zhr/.m2/repository/org/objenesis/objenesis/3.3/objenesis-3.3.jar:/Users/zhr/.m2/repository/org/mockito/mockito-junit-jupiter/5.11.0/mockito-junit-jupiter-5.11.0.jar:/Users/zhr/.m2/repository/org/skyscreamer/jsonassert/1.5.1/jsonassert-1.5.1.jar:/Users/zhr/.m2/repository/com/vaadin/external/google/android-json/0.0.20131108.vaadin1/android-json-0.0.20131108.vaadin1.jar:/Users/zhr/.m2/repository/org/springframework/spring-core/6.1.10/spring-core-6.1.10.jar:/Users/zhr/.m2/repository/org/springframework/spring-jcl/6.1.10/spring-jcl-6.1.10.jar:/Users/zhr/.m2/repository/org/springframework/spring-test/6.1.10/spring-test-6.1.10.jar:/Users/zhr/.m2/repository/org/xmlunit/xmlunit-core/2.9.1/xmlunit-core-2.9.1.jar:/Users/zhr/.m2/repository/org/springframework/boot/spring-boot-testcontainers/3.3.1/spring-boot-testcontainers-3.3.1.jar:/Users/zhr/.m2/repository/org/springframework/boot/spring-boot-autoconfigure/3.3.1/spring-boot-autoconfigure-3.3.1.jar:/Users/zhr/.m2/repository/org/testcontainers/testcontainers/1.19.8/testcontainers-1.19.8.jar:/Users/zhr/.m2/repository/junit/junit/4.13.2/junit-4.13.2.jar:/Users/zhr/.m2/repository/org/hamcrest/hamcrest-core/2.2/hamcrest-core-2.2.jar:/Users/zhr/.m2/repository/org/apache/commons/commons-compress/1.24.0/commons-compress-1.24.0.jar:/Users/zhr/.m2/repository/org/rnorth/duct-tape/duct-tape/1.0.8/duct-tape-1.0.8.jar:/Users/zhr/.m2/repository/org/jetbrains/annotations/17.0.0/annotations-17.0.0.jar:/Users/zhr/.m2/repository/com/github/docker-java/docker-java-api/3.3.6/docker-java-api-3.3.6.jar:/Users/zhr/.m2/repository/com/github/docker-java/docker-java-transport-zerodep/3.3.6/docker-java-transport-zerodep-3.3.6.jar:/Users/zhr/.m2/repository/com/github/docker-java/docker-java-transport/3.3.6/docker-java-transport-3.3.6.jar:/Users/zhr/.m2/repository/net/java/dev/jna/jna/5.13.0/jna-5.13.0.jar:/Users/zhr/.m2/repository/org/testcontainers/junit-jupiter/1.19.8/junit-jupiter-1.19.8.jar:/Users/zhr/.m2/repository/org/testcontainers/mysql/1.19.8/mysql-1.19.8.jar:/Users/zhr/.m2/repository/org/testcontainers/jdbc/1.19.8/jdbc-1.19.8.jar:/Users/zhr/.m2/repository/org/testcontainers/database-commons/1.19.8/database-commons-1.19.8.jar:"/>
    <property name="java.vm.vendor" value="Homebrew"/>
    <property name="sun.arch.data.model" value="64"/>
    <property name="java.vendor.url" value="https://github.com/Homebrew/homebrew-core/issues"/>
    <property name="user.timezone" value="America/Los_Angeles"/>
    <property name="org.jboss.logging.provider" value="slf4j"/>
    <property name="os.name" value="Mac OS X"/>
    <property name="java.vm.specification.version" value="22"/>
    <property name="sun.java.launcher" value="SUN_STANDARD"/>
    <property name="user.country" value="US"/>
    <property name="sun.boot.library.path" value="/opt/homebrew/Cellar/openjdk/22.0.1/libexec/openjdk.jdk/Contents/Home/lib"/>
    <property name="sun.java.command" value="/Users/zhr/Desktop/accessing-data-mysql/target/surefire/surefirebooter-20240827213616636_3.jar /Users/zhr/Desktop/accessing-data-mysql/target/surefire 2024-08-27T21-36-16_600-jvmRun1 surefire-20240827213616636_1tmp surefire_0-20240827213616636_2tmp"/>
    <property name="http.nonProxyHosts" value="local|*.local|169.254/16|*.169.254/16"/>
    <property name="jdk.debug" value="release"/>
    <property name="surefire.test.class.path" value="/Users/zhr/Desktop/accessing-data-mysql/target/test-classes:/Users/zhr/Desktop/accessing-data-mysql/target/classes:/Users/zhr/.m2/repository/org/springframework/boot/spring-boot-starter-data-jpa/3.3.1/spring-boot-starter-data-jpa-3.3.1.jar:/Users/zhr/.m2/repository/org/springframework/boot/spring-boot-starter-aop/3.3.1/spring-boot-starter-aop-3.3.1.jar:/Users/zhr/.m2/repository/org/springframework/spring-aop/6.1.10/spring-aop-6.1.10.jar:/Users/zhr/.m2/repository/org/aspectj/aspectjweaver/1.9.22/aspectjweaver-1.9.22.jar:/Users/zhr/.m2/repository/org/springframework/boot/spring-boot-starter-jdbc/3.3.1/spring-boot-starter-jdbc-3.3.1.jar:/Users/zhr/.m2/repository/com/zaxxer/HikariCP/5.1.0/HikariCP-5.1.0.jar:/Users/zhr/.m2/repository/org/springframework/spring-jdbc/6.1.10/spring-jdbc-6.1.10.jar:/Users/zhr/.m2/repository/org/hibernate/orm/hibernate-core/6.5.2.Final/hibernate-core-6.5.2.Final.jar:/Users/zhr/.m2/repository/jakarta/persistence/jakarta.persistence-api/3.1.0/jakarta.persistence-api-3.1.0.jar:/Users/zhr/.m2/repository/jakarta/transaction/jakarta.transaction-api/2.0.1/jakarta.transaction-api-2.0.1.jar:/Users/zhr/.m2/repository/org/jboss/logging/jboss-logging/3.5.3.Final/jboss-logging-3.5.3.Final.jar:/Users/zhr/.m2/repository/org/hibernate/common/hibernate-commons-annotations/6.0.6.Final/hibernate-commons-annotations-6.0.6.Final.jar:/Users/zhr/.m2/repository/io/smallrye/jandex/3.1.2/jandex-3.1.2.jar:/Users/zhr/.m2/repository/com/fasterxml/classmate/1.7.0/classmate-1.7.0.jar:/Users/zhr/.m2/repository/net/bytebuddy/byte-buddy/1.14.17/byte-buddy-1.14.17.jar:/Users/zhr/.m2/repository/org/glassfish/jaxb/jaxb-runtime/4.0.5/jaxb-runtime-4.0.5.jar:/Users/zhr/.m2/repository/org/glassfish/jaxb/jaxb-core/4.0.5/jaxb-core-4.0.5.jar:/Users/zhr/.m2/repository/org/eclipse/angus/angus-activation/2.0.2/angus-activation-2.0.2.jar:/Users/zhr/.m2/repository/org/glassfish/jaxb/txw2/4.0.5/txw2-4.0.5.jar:/Users/zhr/.m2/repository/com/sun/istack/istack-commons-runtime/4.1.2/istack-commons-runtime-4.1.2.jar:/Users/zhr/.m2/repository/jakarta/inject/jakarta.inject-api/2.0.1/jakarta.inject-api-2.0.1.jar:/Users/zhr/.m2/repository/org/antlr/antlr4-runtime/4.13.0/antlr4-runtime-4.13.0.jar:/Users/zhr/.m2/repository/org/springframework/data/spring-data-jpa/3.3.1/spring-data-jpa-3.3.1.jar:/Users/zhr/.m2/repository/org/springframework/data/spring-data-commons/3.3.1/spring-data-commons-3.3.1.jar:/Users/zhr/.m2/repository/org/springframework/spring-orm/6.1.10/spring-orm-6.1.10.jar:/Users/zhr/.m2/repository/org/springframework/spring-context/6.1.10/spring-context-6.1.10.jar:/Users/zhr/.m2/repository/org/springframework/spring-tx/6.1.10/spring-tx-6.1.10.jar:/Users/zhr/.m2/repository/org/springframework/spring-beans/6.1.10/spring-beans-6.1.10.jar:/Users/zhr/.m2/repository/jakarta/annotation/jakarta.annotation-api/2.1.1/jakarta.annotation-api-2.1.1.jar:/Users/zhr/.m2/repository/org/slf4j/slf4j-api/2.0.13/slf4j-api-2.0.13.jar:/Users/zhr/.m2/repository/org/springframework/spring-aspects/6.1.10/spring-aspects-6.1.10.jar:/Users/zhr/.m2/repository/org/springframework/boot/spring-boot-starter-web/3.3.1/spring-boot-starter-web-3.3.1.jar:/Users/zhr/.m2/repository/org/springframework/boot/spring-boot-starter/3.3.1/spring-boot-starter-3.3.1.jar:/Users/zhr/.m2/repository/org/springframework/boot/spring-boot-starter-logging/3.3.1/spring-boot-starter-logging-3.3.1.jar:/Users/zhr/.m2/repository/ch/qos/logback/logback-classic/1.5.6/logback-classic-1.5.6.jar:/Users/zhr/.m2/repository/ch/qos/logback/logback-core/1.5.6/logback-core-1.5.6.jar:/Users/zhr/.m2/repository/org/apache/logging/log4j/log4j-to-slf4j/2.23.1/log4j-to-slf4j-2.23.1.jar:/Users/zhr/.m2/repository/org/apache/logging/log4j/log4j-api/2.23.1/log4j-api-2.23.1.jar:/Users/zhr/.m2/repository/org/slf4j/jul-to-slf4j/2.0.13/jul-to-slf4j-2.0.13.jar:/Users/zhr/.m2/repository/org/yaml/snakeyaml/2.2/snakeyaml-2.2.jar:/Users/zhr/.m2/repository/org/springframework/boot/spring-boot-starter-json/3.3.1/spring-boot-starter-json-3.3.1.jar:/Users/zhr/.m2/repository/com/fasterxml/jackson/datatype/jackson-datatype-jdk8/2.17.1/jackson-datatype-jdk8-2.17.1.jar:/Users/zhr/.m2/repository/com/fasterxml/jackson/datatype/jackson-datatype-jsr310/2.17.1/jackson-datatype-jsr310-2.17.1.jar:/Users/zhr/.m2/repository/org/springframework/boot/spring-boot-starter-tomcat/3.3.1/spring-boot-starter-tomcat-3.3.1.jar:/Users/zhr/.m2/repository/org/apache/tomcat/embed/tomcat-embed-core/10.1.25/tomcat-embed-core-10.1.25.jar:/Users/zhr/.m2/repository/org/apache/tomcat/embed/tomcat-embed-el/10.1.25/tomcat-embed-el-10.1.25.jar:/Users/zhr/.m2/repository/org/apache/tomcat/embed/tomcat-embed-websocket/10.1.25/tomcat-embed-websocket-10.1.25.jar:/Users/zhr/.m2/repository/org/springframework/spring-web/6.1.10/spring-web-6.1.10.jar:/Users/zhr/.m2/repository/io/micrometer/micrometer-observation/1.13.1/micrometer-observation-1.13.1.jar:/Users/zhr/.m2/repository/io/micrometer/micrometer-commons/1.13.1/micrometer-commons-1.13.1.jar:/Users/zhr/.m2/repository/org/springframework/spring-webmvc/6.1.10/spring-webmvc-6.1.10.jar:/Users/zhr/.m2/repository/org/springframework/spring-expression/6.1.10/spring-expression-6.1.10.jar:/Users/zhr/.m2/repository/org/springframework/boot/spring-boot-docker-compose/3.3.1/spring-boot-docker-compose-3.3.1.jar:/Users/zhr/.m2/repository/org/springframework/boot/spring-boot/3.3.1/spring-boot-3.3.1.jar:/Users/zhr/.m2/repository/com/fasterxml/jackson/core/jackson-databind/2.17.1/jackson-databind-2.17.1.jar:/Users/zhr/.m2/repository/com/fasterxml/jackson/core/jackson-annotations/2.17.1/jackson-annotations-2.17.1.jar:/Users/zhr/.m2/repository/com/fasterxml/jackson/core/jackson-core/2.17.1/jackson-core-2.17.1.jar:/Users/zhr/.m2/repository/com/fasterxml/jackson/module/jackson-module-parameter-names/2.17.1/jackson-module-parameter-names-2.17.1.jar:/Users/zhr/.m2/repository/com/mysql/mysql-connector-j/8.3.0/mysql-connector-j-8.3.0.jar:/Users/zhr/.m2/repository/org/springframework/boot/spring-boot-starter-test/3.3.1/spring-boot-starter-test-3.3.1.jar:/Users/zhr/.m2/repository/org/springframework/boot/spring-boot-test/3.3.1/spring-boot-test-3.3.1.jar:/Users/zhr/.m2/repository/org/springframework/boot/spring-boot-test-autoconfigure/3.3.1/spring-boot-test-autoconfigure-3.3.1.jar:/Users/zhr/.m2/repository/com/jayway/jsonpath/json-path/2.9.0/json-path-2.9.0.jar:/Users/zhr/.m2/repository/jakarta/xml/bind/jakarta.xml.bind-api/4.0.2/jakarta.xml.bind-api-4.0.2.jar:/Users/zhr/.m2/repository/jakarta/activation/jakarta.activation-api/2.1.3/jakarta.activation-api-2.1.3.jar:/Users/zhr/.m2/repository/net/minidev/json-smart/2.5.1/json-smart-2.5.1.jar:/Users/zhr/.m2/repository/net/minidev/accessors-smart/2.5.1/accessors-smart-2.5.1.jar:/Users/zhr/.m2/repository/org/ow2/asm/asm/9.6/asm-9.6.jar:/Users/zhr/.m2/repository/org/assertj/assertj-core/3.25.3/assertj-core-3.25.3.jar:/Users/zhr/.m2/repository/org/awaitility/awaitility/4.2.1/awaitility-4.2.1.jar:/Users/zhr/.m2/repository/org/hamcrest/hamcrest/2.2/hamcrest-2.2.jar:/Users/zhr/.m2/repository/org/junit/jupiter/junit-jupiter/5.10.2/junit-jupiter-5.10.2.jar:/Users/zhr/.m2/repository/org/junit/jupiter/junit-jupiter-api/5.10.2/junit-jupiter-api-5.10.2.jar:/Users/zhr/.m2/repository/org/opentest4j/opentest4j/1.3.0/opentest4j-1.3.0.jar:/Users/zhr/.m2/repository/org/junit/platform/junit-platform-commons/1.10.2/junit-platform-commons-1.10.2.jar:/Users/zhr/.m2/repository/org/apiguardian/apiguardian-api/1.1.2/apiguardian-api-1.1.2.jar:/Users/zhr/.m2/repository/org/junit/jupiter/junit-jupiter-params/5.10.2/junit-jupiter-params-5.10.2.jar:/Users/zhr/.m2/repository/org/junit/jupiter/junit-jupiter-engine/5.10.2/junit-jupiter-engine-5.10.2.jar:/Users/zhr/.m2/repository/org/junit/platform/junit-platform-engine/1.10.2/junit-platform-engine-1.10.2.jar:/Users/zhr/.m2/repository/org/mockito/mockito-core/5.11.0/mockito-core-5.11.0.jar:/Users/zhr/.m2/repository/net/bytebuddy/byte-buddy-agent/1.14.17/byte-buddy-agent-1.14.17.jar:/Users/zhr/.m2/repository/org/objenesis/objenesis/3.3/objenesis-3.3.jar:/Users/zhr/.m2/repository/org/mockito/mockito-junit-jupiter/5.11.0/mockito-junit-jupiter-5.11.0.jar:/Users/zhr/.m2/repository/org/skyscreamer/jsonassert/1.5.1/jsonassert-1.5.1.jar:/Users/zhr/.m2/repository/com/vaadin/external/google/android-json/0.0.20131108.vaadin1/android-json-0.0.20131108.vaadin1.jar:/Users/zhr/.m2/repository/org/springframework/spring-core/6.1.10/spring-core-6.1.10.jar:/Users/zhr/.m2/repository/org/springframework/spring-jcl/6.1.10/spring-jcl-6.1.10.jar:/Users/zhr/.m2/repository/org/springframework/spring-test/6.1.10/spring-test-6.1.10.jar:/Users/zhr/.m2/repository/org/xmlunit/xmlunit-core/2.9.1/xmlunit-core-2.9.1.jar:/Users/zhr/.m2/repository/org/springframework/boot/spring-boot-testcontainers/3.3.1/spring-boot-testcontainers-3.3.1.jar:/Users/zhr/.m2/repository/org/springframework/boot/spring-boot-autoconfigure/3.3.1/spring-boot-autoconfigure-3.3.1.jar:/Users/zhr/.m2/repository/org/testcontainers/testcontainers/1.19.8/testcontainers-1.19.8.jar:/Users/zhr/.m2/repository/junit/junit/4.13.2/junit-4.13.2.jar:/Users/zhr/.m2/repository/org/hamcrest/hamcrest-core/2.2/hamcrest-core-2.2.jar:/Users/zhr/.m2/repository/org/apache/commons/commons-compress/1.24.0/commons-compress-1.24.0.jar:/Users/zhr/.m2/repository/org/rnorth/duct-tape/duct-tape/1.0.8/duct-tape-1.0.8.jar:/Users/zhr/.m2/repository/org/jetbrains/annotations/17.0.0/annotations-17.0.0.jar:/Users/zhr/.m2/repository/com/github/docker-java/docker-java-api/3.3.6/docker-java-api-3.3.6.jar:/Users/zhr/.m2/repository/com/github/docker-java/docker-java-transport-zerodep/3.3.6/docker-java-transport-zerodep-3.3.6.jar:/Users/zhr/.m2/repository/com/github/docker-java/docker-java-transport/3.3.6/docker-java-transport-3.3.6.jar:/Users/zhr/.m2/repository/net/java/dev/jna/jna/5.13.0/jna-5.13.0.jar:/Users/zhr/.m2/repository/org/testcontainers/junit-jupiter/1.19.8/junit-jupiter-1.19.8.jar:/Users/zhr/.m2/repository/org/testcontainers/mysql/1.19.8/mysql-1.19.8.jar:/Users/zhr/.m2/repository/org/testcontainers/jdbc/1.19.8/jdbc-1.19.8.jar:/Users/zhr/.m2/repository/org/testcontainers/database-commons/1.19.8/database-commons-1.19.8.jar:"/>
    <property name="sun.cpu.endian" value="little"/>
    <property name="user.home" value="/Users/zhr"/>
    <property name="user.language" value="zh"/>
    <property name="java.specification.vendor" value="Oracle Corporation"/>
    <property name="java.version.date" value="2024-04-16"/>
    <property name="java.home" value="/opt/homebrew/Cellar/openjdk/22.0.1/libexec/openjdk.jdk/Contents/Home"/>
    <property name="file.separator" value="/"/>
    <property name="basedir" value="/Users/zhr/Desktop/accessing-data-mysql"/>
    <property name="java.vm.compressedOopsMode" value="Zero based"/>
    <property name="line.separator" value="&#10;"/>
    <property name="java.vm.specification.vendor" value="Oracle Corporation"/>
    <property name="java.specification.name" value="Java Platform API Specification"/>
    <property name="FILE_LOG_CHARSET" value="UTF-8"/>
    <property name="java.awt.headless" value="true"/>
    <property name="apple.awt.application.name" value="ForkedBooter"/>
    <property name="surefire.real.class.path" value="/Users/zhr/Desktop/accessing-data-mysql/target/surefire/surefirebooter-20240827213616636_3.jar"/>
    <property name="user.script" value="Hans"/>
    <property name="sun.management.compiler" value="HotSpot 64-Bit Tiered Compilers"/>
    <property name="ftp.nonProxyHosts" value="local|*.local|169.254/16|*.169.254/16"/>
    <property name="java.runtime.version" value="22.0.1"/>
    <property name="user.name" value="zhr"/>
    <property name="stdout.encoding" value="UTF-8"/>
    <property name="path.separator" value=":"/>
    <property name="os.version" value="14.4.1"/>
    <property name="java.runtime.name" value="OpenJDK Runtime Environment"/>
    <property name="file.encoding" value="UTF-8"/>
    <property name="java.vm.name" value="OpenJDK 64-Bit Server VM"/>
    <property name="java.vendor.version" value="Homebrew"/>
    <property name="localRepository" value="/Users/zhr/.m2/repository"/>
    <property name="java.vendor.url.bug" value="https://github.com/Homebrew/homebrew-core/issues"/>
    <property name="java.io.tmpdir" value="/var/folders/8x/_4njfh6j6pj4cd4hddqc5k180000gn/T/"/>
    <property name="com.zaxxer.hikari.pool_number" value="1"/>
    <property name="java.version" value="22.0.1"/>
    <property name="user.dir" value="/Users/zhr/Desktop/accessing-data-mysql"/>
    <property name="os.arch" value="aarch64"/>
    <property name="java.vm.specification.name" value="Java Virtual Machine Specification"/>
    <property name="PID" value="1599"/>
    <property name="CONSOLE_LOG_CHARSET" value="UTF-8"/>
    <property name="native.encoding" value="UTF-8"/>
    <property name="java.library.path" value="/Users/zhr/Library/Java/Extensions:/Library/Java/Extensions:/Network/Library/Java/Extensions:/System/Library/Java/Extensions:/usr/lib/java:."/>
    <property name="java.vm.info" value="mixed mode, sharing"/>
    <property name="stderr.encoding" value="UTF-8"/>
    <property name="java.vendor" value="Homebrew"/>
    <property name="java.vm.version" value="22.0.1"/>
    <property name="sun.io.unicode.encoding" value="UnicodeBig"/>
    <property name="socksNonProxyHosts" value="local|*.local|169.254/16|*.169.254/16"/>
    <property name="java.class.version" value="66.0"/>
  </properties>
  <testcase name="contextLoads" classname="com.example.accessing_data_mysql.AccessingDataMysqlApplicationTests" time="0.263">
    <system-out><![CDATA[21:36:16.938 [main] INFO org.springframework.test.context.support.AnnotationConfigContextLoaderUtils -- Could not detect default configuration classes for test class [com.example.accessing_data_mysql.AccessingDataMysqlApplicationTests]: AccessingDataMysqlApplicationTests does not declare any static, non-private, non-final, nested classes annotated with @Configuration.
21:36:16.999 [main] INFO org.springframework.boot.test.context.SpringBootTestContextBootstrapper -- Found @SpringBootConfiguration com.example.accessing_data_mysql.AccessingDataMysqlApplication for test class com.example.accessing_data_mysql.AccessingDataMysqlApplicationTests

  .   ____          _            __ _ _
 /\\ / ___'_ __ _ _(_)_ __  __ _ \ \ \ \
( ( )\___ | '_ | '_| | '_ \/ _` | \ \ \ \
 \\/  ___)| |_)| | | | | || (_| |  ) ) ) )
  '  |____| .__|_| |_|_| |_\__, | / / / /
 =========|_|==============|___/=/_/_/_/

 :: Spring Boot ::                (v3.3.1)

2024-08-27T21:36:17.154-07:00  INFO 1599 --- [           main] c.e.a.AccessingDataMysqlApplicationTests : Starting AccessingDataMysqlApplicationTests using Java 22.0.1 with PID 1599 (started by zhr in /Users/zhr/Desktop/accessing-data-mysql)
2024-08-27T21:36:17.154-07:00  INFO 1599 --- [           main] c.e.a.AccessingDataMysqlApplicationTests : No active profile set, falling back to 1 default profile: "default"
2024-08-27T21:36:17.364-07:00  INFO 1599 --- [           main] .s.d.r.c.RepositoryConfigurationDelegate : Bootstrapping Spring Data JPA repositories in DEFAULT mode.
2024-08-27T21:36:17.380-07:00  INFO 1599 --- [           main] .s.d.r.c.RepositoryConfigurationDelegate : Finished Spring Data repository scanning in 13 ms. Found 2 JPA repository interfaces.
2024-08-27T21:36:17.502-07:00  INFO 1599 --- [           main] org.testcontainers.images.PullPolicy     : Image pull policy will be performed by: DefaultPullPolicy()
2024-08-27T21:36:17.503-07:00  INFO 1599 --- [           main] o.t.utility.ImageNameSubstitutor         : Image name substitution will be performed by: DefaultImageNameSubstitutor (composite of 'ConfigurationFileImageNameSubstitutor' and 'PrefixingImageNameSubstitutor')
2024-08-27T21:36:17.693-07:00  INFO 1599 --- [           main] o.t.d.DockerClientProviderStrategy       : Found Docker environment with local Unix socket (unix:///var/run/docker.sock)
2024-08-27T21:36:17.694-07:00  INFO 1599 --- [           main] org.testcontainers.DockerClientFactory   : Docker host IP address is localhost
2024-08-27T21:36:17.706-07:00  INFO 1599 --- [           main] org.testcontainers.DockerClientFactory   : Connected to docker: 
  Server Version: 26.1.4
  API Version: 1.45
  Operating System: Docker Desktop
  Total Memory: 7840 MB
2024-08-27T21:36:17.723-07:00  INFO 1599 --- [           main] tc.testcontainers/ryuk:0.7.0             : Pulling docker image: testcontainers/ryuk:0.7.0. Please be patient; this may take some time but only needs to be done once.
2024-08-27T21:36:17.857-07:00  INFO 1599 --- [           main] o.t.utility.RegistryAuthLocator          : Credential helper/store (docker-credential-desktop) does not have credentials for https://index.docker.io/v1/
2024-08-27T21:36:19.177-07:00  INFO 1599 --- [tream-516338723] tc.testcontainers/ryuk:0.7.0             : Starting to pull image
2024-08-27T21:36:19.204-07:00  INFO 1599 --- [tream-516338723] tc.testcontainers/ryuk:0.7.0             : Pulling image layers:  0 pending,  0 downloaded,  0 extracted, (0 bytes/0 bytes)
2024-08-27T21:36:20.356-07:00  INFO 1599 --- [tream-516338723] tc.testcontainers/ryuk:0.7.0             : Pulling image layers:  2 pending,  1 downloaded,  0 extracted, (341 KB/? MB)
2024-08-27T21:36:20.476-07:00  INFO 1599 --- [tream-516338723] tc.testcontainers/ryuk:0.7.0             : Pulling image layers:  1 pending,  2 downloaded,  0 extracted, (3 MB/? MB)
2024-08-27T21:36:20.529-07:00  INFO 1599 --- [tream-516338723] tc.testcontainers/ryuk:0.7.0             : Pulling image layers:  0 pending,  3 downloaded,  0 extracted, (5 MB/6 MB)
2024-08-27T21:36:20.618-07:00  INFO 1599 --- [tream-516338723] tc.testcontainers/ryuk:0.7.0             : Pulling image layers:  0 pending,  3 downloaded,  1 extracted, (6 MB/6 MB)
2024-08-27T21:36:20.655-07:00  INFO 1599 --- [tream-516338723] tc.testcontainers/ryuk:0.7.0             : Pulling image layers:  0 pending,  3 downloaded,  2 extracted, (6 MB/6 MB)
2024-08-27T21:36:20.680-07:00  INFO 1599 --- [tream-516338723] tc.testcontainers/ryuk:0.7.0             : Pulling image layers:  0 pending,  3 downloaded,  3 extracted, (6 MB/6 MB)
2024-08-27T21:36:20.683-07:00  INFO 1599 --- [tream-516338723] tc.testcontainers/ryuk:0.7.0             : Pull complete. 3 layers, pulled in 1s (downloaded 6 MB at 6 MB/s)
2024-08-27T21:36:20.683-07:00  INFO 1599 --- [           main] tc.testcontainers/ryuk:0.7.0             : Image testcontainers/ryuk:0.7.0 pull took PT2.959511S
2024-08-27T21:36:20.705-07:00  INFO 1599 --- [           main] tc.testcontainers/ryuk:0.7.0             : Creating container for image: testcontainers/ryuk:0.7.0
2024-08-27T21:36:20.741-07:00  INFO 1599 --- [           main] tc.testcontainers/ryuk:0.7.0             : Container testcontainers/ryuk:0.7.0 is starting: 0a2867d18bd4b6d2257fb11b8cb452eac3ddc2a1621ab73bd7d6e373dc01d174
2024-08-27T21:36:20.861-07:00  INFO 1599 --- [           main] tc.testcontainers/ryuk:0.7.0             : Container testcontainers/ryuk:0.7.0 started in PT0.156031S
2024-08-27T21:36:20.864-07:00  INFO 1599 --- [           main] o.t.utility.RyukResourceReaper           : Ryuk started - will monitor and terminate Testcontainers containers on JVM exit
2024-08-27T21:36:20.864-07:00  INFO 1599 --- [           main] org.testcontainers.DockerClientFactory   : Checking the system...
2024-08-27T21:36:20.864-07:00  INFO 1599 --- [           main] org.testcontainers.DockerClientFactory   : ✔︎ Docker server version should be at least 1.6.0
2024-08-27T21:36:20.866-07:00  INFO 1599 --- [           main] tc.mysql:latest                          : Creating container for image: mysql:latest
2024-08-27T21:36:20.894-07:00  INFO 1599 --- [           main] tc.mysql:latest                          : Container mysql:latest is starting: fb1694be966fb413e85d06b66e2b0b71cfdac25cee15f6bcdb3cd27c7d84bf45
2024-08-27T21:36:21.039-07:00  INFO 1599 --- [           main] tc.mysql:latest                          : Waiting for database connection to become available at jdbc:mysql://localhost:49935/test using query 'SELECT 1'
2024-08-27T21:36:26.482-07:00  INFO 1599 --- [           main] tc.mysql:latest                          : Container mysql:latest started in PT5.616411S
2024-08-27T21:36:26.483-07:00  INFO 1599 --- [           main] tc.mysql:latest                          : Container is started (JDBC URL: jdbc:mysql://localhost:49935/test)
2024-08-27T21:36:26.531-07:00  INFO 1599 --- [           main] o.hibernate.jpa.internal.util.LogHelper  : HHH000204: Processing PersistenceUnitInfo [name: default]
2024-08-27T21:36:26.551-07:00  INFO 1599 --- [           main] org.hibernate.Version                    : HHH000412: Hibernate ORM core version 6.5.2.Final
2024-08-27T21:36:26.561-07:00  INFO 1599 --- [           main] o.h.c.internal.RegionFactoryInitiator    : HHH000026: Second-level cache disabled
2024-08-27T21:36:26.655-07:00  INFO 1599 --- [           main] o.s.o.j.p.SpringPersistenceUnitInfo      : No LoadTimeWeaver setup: ignoring JPA class transformer
2024-08-27T21:36:26.664-07:00  INFO 1599 --- [           main] com.zaxxer.hikari.HikariDataSource       : HikariPool-1 - Starting...
2024-08-27T21:36:26.766-07:00  INFO 1599 --- [           main] com.zaxxer.hikari.pool.HikariPool        : HikariPool-1 - Added connection com.mysql.cj.jdbc.ConnectionImpl@7ebaf0d
2024-08-27T21:36:26.767-07:00  INFO 1599 --- [           main] com.zaxxer.hikari.HikariDataSource       : HikariPool-1 - Start completed.
2024-08-27T21:36:27.119-07:00  INFO 1599 --- [           main] o.h.e.t.j.p.i.JtaPlatformInitiator       : HHH000489: No JTA platform available (set 'hibernate.transaction.jta.platform' to enable JTA platform integration)
Hibernate: create table companies (companyid integer not null, company_name varchar(255), last_update_date date, last_updaterid integer, primary key (companyid)) engine=InnoDB
Hibernate: create table companies_seq (next_val bigint) engine=InnoDB
Hibernate: insert into companies_seq values ( 1 )
Hibernate: create table leet_code_problems_seq (next_val bigint) engine=InnoDB
Hibernate: insert into leet_code_problems_seq values ( 1 )
Hibernate: create table leet_code_user_seq (next_val bigint) engine=InnoDB
Hibernate: insert into leet_code_user_seq values ( 1 )
Hibernate: create table leet_code_problems (problemid integer not null, description varchar(255), difficulty tinyint check (difficulty between 0 and 2), last_update_date date, last_updaterid integer, problem_name varchar(255), primary key (problemid)) engine=InnoDB
Hibernate: create table leet_code_user (user_id integer not null, creation_date date, email varchar(255), is_prime bit not null, password varchar(255), total_submissions integer not null, username varchar(255), primary key (user_id)) engine=InnoDB
Hibernate: create table problem_companies (problemid integer not null, companyid integer, primary key (problemid)) engine=InnoDB
Hibernate: create table submissions (submissionid integer not null, last_update_date date, last_updaterid integer, problemid integer, result tinyint check (result between 0 and 2), submission_code varchar(255), userid integer, primary key (submissionid)) engine=InnoDB
Hibernate: create table submissions_seq (next_val bigint) engine=InnoDB
Hibernate: insert into submissions_seq values ( 1 )
Hibernate: create table topics (topicid integer not null, last_update_date date, last_updaterid integer, topic_name varchar(255), primary key (topicid)) engine=InnoDB
Hibernate: create table topics_seq (next_val bigint) engine=InnoDB
Hibernate: insert into topics_seq values ( 1 )
2024-08-27T21:36:27.219-07:00  INFO 1599 --- [           main] j.LocalContainerEntityManagerFactoryBean : Initialized JPA EntityManagerFactory for persistence unit 'default'
2024-08-27T21:36:27.359-07:00  WARN 1599 --- [           main] JpaBaseConfiguration$JpaWebConfiguration : spring.jpa.open-in-view is enabled by default. Therefore, database queries may be performed during view rendering. Explicitly configure spring.jpa.open-in-view to disable this warning
2024-08-27T21:36:27.494-07:00  INFO 1599 --- [           main] c.e.a.AccessingDataMysqlApplicationTests : Started AccessingDataMysqlApplicationTests in 10.451 seconds (process running for 10.828)
]]></system-out>
    <system-err><![CDATA[WARNING: A Java agent has been loaded dynamically (/Users/zhr/.m2/repository/net/bytebuddy/byte-buddy-agent/1.14.17/byte-buddy-agent-1.14.17.jar)
WARNING: If a serviceability tool is in use, please run with -XX:+EnableDynamicAgentLoading to hide this warning
WARNING: If a serviceability tool is not in use, please run with -Djdk.instrument.traceUsage for more information
WARNING: Dynamic loading of agents will be disallowed by default in a future release
]]></system-err>
  </testcase>
</testsuite>